1754657791.066088 client started (28427): version 3.5a, socket /private/tmp/tmux-501/default, protocol 8
1754657791.066181 on Darwin 24.5.0 Darwin Kernel Version 24.5.0: Tue Apr 22 19:54:49 PDT 2025; root:xnu-11417.121.6~2/RELEASE_ARM64_T6000
1754657791.066196 using libevent 2.1.12-stable select
1754657791.066230 using utf8proc 2.10.0
1754657791.066240 using ncurses 6.5 20240427
1754657791.066255 flags are 0x10010000
1754657791.066263 socket is /private/tmp/tmux-501/default
1754657791.066274 trying connect
1754657791.066326 add peer 0x128008000: 6 (0x0)
1754657791.068285 sending message 111 to peer 0x128008000 (8 bytes)
1754657791.068297 sending message 111 to peer 0x128008000 (8 bytes)
1754657791.068303 sending message 101 to peer 0x128008000 (14 bytes)
1754657791.068309 sending message 109 to peer 0x128008000 (4 bytes)
1754657791.068314 sending message 102 to peer 0x128008000 (13 bytes)
1754657791.068320 sending message 108 to peer 0x128008000 (27 bytes)
1754657791.068326 sending message 112 to peer 0x128008000 (70 bytes)
1754657791.068331 sending message 112 to peer 0x128008000 (5 bytes)
1754657791.068337 sending message 112 to peer 0x128008000 (5 bytes)
1754657791.068342 sending message 112 to peer 0x128008000 (6 bytes)
1754657791.068347 sending message 112 to peer 0x128008000 (6 bytes)
1754657791.068353 sending message 112 to peer 0x128008000 (11 bytes)
1754657791.068358 sending message 112 to peer 0x128008000 (10 bytes)
1754657791.068364 sending message 112 to peer 0x128008000 (13 bytes)
1754657791.068369 sending message 112 to peer 0x128008000 (14 bytes)
1754657791.068374 sending message 112 to peer 0x128008000 (9 bytes)
1754657791.068380 sending message 112 to peer 0x128008000 (21 bytes)
1754657791.068385 sending message 112 to peer 0x128008000 (19 bytes)
1754657791.068390 sending message 112 to peer 0x128008000 (11 bytes)
1754657791.068396 sending message 112 to peer 0x128008000 (21 bytes)
1754657791.068401 sending message 112 to peer 0x128008000 (13 bytes)
1754657791.068406 sending message 112 to peer 0x128008000 (7 bytes)
1754657791.068412 sending message 112 to peer 0x128008000 (13 bytes)
1754657791.068417 sending message 112 to peer 0x128008000 (7 bytes)
1754657791.068422 sending message 112 to peer 0x128008000 (13 bytes)
1754657791.068428 sending message 112 to peer 0x128008000 (9 bytes)
1754657791.068433 sending message 112 to peer 0x128008000 (21 bytes)
1754657791.068438 sending message 112 to peer 0x128008000 (13 bytes)
1754657791.068444 sending message 112 to peer 0x128008000 (9 bytes)
1754657791.068449 sending message 112 to peer 0x128008000 (16 bytes)
1754657791.068454 sending message 112 to peer 0x128008000 (13 bytes)
1754657791.068459 sending message 112 to peer 0x128008000 (9 bytes)
1754657791.068465 sending message 112 to peer 0x128008000 (9 bytes)
1754657791.068470 sending message 112 to peer 0x128008000 (12 bytes)
1754657791.068476 sending message 112 to peer 0x128008000 (8 bytes)
1754657791.068481 sending message 112 to peer 0x128008000 (12 bytes)
1754657791.068486 sending message 112 to peer 0x128008000 (8 bytes)
1754657791.068492 sending message 112 to peer 0x128008000 (13 bytes)
1754657791.068497 sending message 112 to peer 0x128008000 (7 bytes)
1754657791.068502 sending message 112 to peer 0x128008000 (7 bytes)
1754657791.068508 sending message 112 to peer 0x128008000 (9 bytes)
1754657791.068513 sending message 112 to peer 0x128008000 (12 bytes)
1754657791.068519 sending message 112 to peer 0x128008000 (6 bytes)
1754657791.068524 sending message 112 to peer 0x128008000 (9 bytes)
1754657791.068529 sending message 112 to peer 0x128008000 (15 bytes)
1754657791.068535 sending message 112 to peer 0x128008000 (13 bytes)
1754657791.068542 sending message 112 to peer 0x128008000 (9 bytes)
1754657791.068549 sending message 112 to peer 0x128008000 (12 bytes)
1754657791.068555 sending message 112 to peer 0x128008000 (8 bytes)
1754657791.068560 sending message 112 to peer 0x128008000 (14 bytes)
1754657791.068565 sending message 112 to peer 0x128008000 (11 bytes)
1754657791.068571 sending message 112 to peer 0x128008000 (9 bytes)
1754657791.068585 sending message 112 to peer 0x128008000 (10 bytes)
1754657791.068589 sending message 112 to peer 0x128008000 (10 bytes)
1754657791.068593 sending message 112 to peer 0x128008000 (10 bytes)
1754657791.068597 sending message 112 to peer 0x128008000 (10 bytes)
1754657791.068601 sending message 112 to peer 0x128008000 (11 bytes)
1754657791.068604 sending message 112 to peer 0x128008000 (12 bytes)
1754657791.068608 sending message 112 to peer 0x128008000 (12 bytes)
1754657791.068612 sending message 112 to peer 0x128008000 (12 bytes)
1754657791.068616 sending message 112 to peer 0x128008000 (12 bytes)
1754657791.068620 sending message 112 to peer 0x128008000 (12 bytes)
1754657791.068623 sending message 112 to peer 0x128008000 (11 bytes)
1754657791.068627 sending message 112 to peer 0x128008000 (11 bytes)
1754657791.068631 sending message 112 to peer 0x128008000 (12 bytes)
1754657791.068635 sending message 112 to peer 0x128008000 (12 bytes)
1754657791.068638 sending message 112 to peer 0x128008000 (12 bytes)
1754657791.068642 sending message 112 to peer 0x128008000 (12 bytes)
1754657791.068646 sending message 112 to peer 0x128008000 (12 bytes)
1754657791.068650 sending message 112 to peer 0x128008000 (9 bytes)
1754657791.068654 sending message 112 to peer 0x128008000 (12 bytes)
1754657791.068658 sending message 112 to peer 0x128008000 (13 bytes)
1754657791.068662 sending message 112 to peer 0x128008000 (13 bytes)
1754657791.068665 sending message 112 to peer 0x128008000 (13 bytes)
1754657791.068669 sending message 112 to peer 0x128008000 (13 bytes)
1754657791.068672 sending message 112 to peer 0x128008000 (13 bytes)
1754657791.068676 sending message 112 to peer 0x128008000 (8 bytes)
1754657791.068680 sending message 112 to peer 0x128008000 (11 bytes)
1754657791.068685 sending message 112 to peer 0x128008000 (11 bytes)
1754657791.068690 sending message 112 to peer 0x128008000 (11 bytes)
1754657791.068695 sending message 112 to peer 0x128008000 (12 bytes)
1754657791.068700 sending message 112 to peer 0x128008000 (12 bytes)
1754657791.068704 sending message 112 to peer 0x128008000 (12 bytes)
1754657791.068707 sending message 112 to peer 0x128008000 (12 bytes)
1754657791.068711 sending message 112 to peer 0x128008000 (13 bytes)
1754657791.068715 sending message 112 to peer 0x128008000 (13 bytes)
1754657791.068719 sending message 112 to peer 0x128008000 (13 bytes)
1754657791.068723 sending message 112 to peer 0x128008000 (8 bytes)
1754657791.068727 sending message 112 to peer 0x128008000 (13 bytes)
1754657791.068731 sending message 112 to peer 0x128008000 (13 bytes)
1754657791.068735 sending message 112 to peer 0x128008000 (13 bytes)
1754657791.068739 sending message 112 to peer 0x128008000 (13 bytes)
1754657791.068743 sending message 112 to peer 0x128008000 (13 bytes)
1754657791.068747 sending message 112 to peer 0x128008000 (12 bytes)
1754657791.068751 sending message 112 to peer 0x128008000 (12 bytes)
1754657791.068754 sending message 112 to peer 0x128008000 (12 bytes)
1754657791.068758 sending message 112 to peer 0x128008000 (12 bytes)
1754657791.068762 sending message 112 to peer 0x128008000 (13 bytes)
1754657791.068766 sending message 112 to peer 0x128008000 (8 bytes)
1754657791.068770 sending message 112 to peer 0x128008000 (13 bytes)
1754657791.068773 sending message 112 to peer 0x128008000 (13 bytes)
1754657791.068777 sending message 112 to peer 0x128008000 (13 bytes)
1754657791.068781 sending message 112 to peer 0x128008000 (13 bytes)
1754657791.068784 sending message 112 to peer 0x128008000 (13 bytes)
1754657791.068788 sending message 112 to peer 0x128008000 (13 bytes)
1754657791.068792 sending message 112 to peer 0x128008000 (13 bytes)
1754657791.068796 sending message 112 to peer 0x128008000 (12 bytes)
1754657791.068800 sending message 112 to peer 0x128008000 (12 bytes)
1754657791.068803 sending message 112 to peer 0x128008000 (12 bytes)
1754657791.068807 sending message 112 to peer 0x128008000 (8 bytes)
1754657791.068811 sending message 112 to peer 0x128008000 (12 bytes)
1754657791.068815 sending message 112 to peer 0x128008000 (13 bytes)
1754657791.068825 sending message 112 to peer 0x128008000 (13 bytes)
1754657791.068829 sending message 112 to peer 0x128008000 (13 bytes)
1754657791.068833 sending message 112 to peer 0x128008000 (13 bytes)
1754657791.068837 sending message 112 to peer 0x128008000 (13 bytes)
1754657791.068841 sending message 112 to peer 0x128008000 (13 bytes)
1754657791.068844 sending message 112 to peer 0x128008000 (13 bytes)
1754657791.068848 sending message 112 to peer 0x128008000 (13 bytes)
1754657791.068852 sending message 112 to peer 0x128008000 (12 bytes)
1754657791.068855 sending message 112 to peer 0x128008000 (10 bytes)
1754657791.068859 sending message 112 to peer 0x128008000 (12 bytes)
1754657791.068863 sending message 112 to peer 0x128008000 (12 bytes)
1754657791.068866 sending message 112 to peer 0x128008000 (12 bytes)
1754657791.068870 sending message 112 to peer 0x128008000 (13 bytes)
1754657791.068874 sending message 112 to peer 0x128008000 (13 bytes)
1754657791.068877 sending message 112 to peer 0x128008000 (13 bytes)
1754657791.068881 sending message 112 to peer 0x128008000 (13 bytes)
1754657791.068885 sending message 112 to peer 0x128008000 (13 bytes)
1754657791.068888 sending message 112 to peer 0x128008000 (13 bytes)
1754657791.068892 sending message 112 to peer 0x128008000 (13 bytes)
1754657791.068896 sending message 112 to peer 0x128008000 (10 bytes)
1754657791.068899 sending message 112 to peer 0x128008000 (13 bytes)
1754657791.068903 sending message 112 to peer 0x128008000 (12 bytes)
1754657791.068907 sending message 112 to peer 0x128008000 (12 bytes)
1754657791.068910 sending message 112 to peer 0x128008000 (12 bytes)
1754657791.068914 sending message 112 to peer 0x128008000 (10 bytes)
1754657791.068918 sending message 112 to peer 0x128008000 (10 bytes)
1754657791.068921 sending message 112 to peer 0x128008000 (10 bytes)
1754657791.068925 sending message 112 to peer 0x128008000 (12 bytes)
1754657791.068928 sending message 112 to peer 0x128008000 (13 bytes)
1754657791.068932 sending message 112 to peer 0x128008000 (13 bytes)
1754657791.068936 sending message 112 to peer 0x128008000 (13 bytes)
1754657791.068940 sending message 112 to peer 0x128008000 (13 bytes)
1754657791.068943 sending message 112 to peer 0x128008000 (13 bytes)
1754657791.068948 sending message 112 to peer 0x128008000 (10 bytes)
1754657791.068952 sending message 112 to peer 0x128008000 (11 bytes)
1754657791.068956 sending message 112 to peer 0x128008000 (12 bytes)
1754657791.068960 sending message 112 to peer 0x128008000 (12 bytes)
1754657791.068964 sending message 112 to peer 0x128008000 (12 bytes)
1754657791.068968 sending message 112 to peer 0x128008000 (12 bytes)
1754657791.068972 sending message 112 to peer 0x128008000 (12 bytes)
1754657791.068976 sending message 112 to peer 0x128008000 (11 bytes)
1754657791.068981 sending message 112 to peer 0x128008000 (12 bytes)
1754657791.068985 sending message 112 to peer 0x128008000 (12 bytes)
1754657791.068991 sending message 112 to peer 0x128008000 (13 bytes)
1754657791.068995 sending message 112 to peer 0x128008000 (13 bytes)
1754657791.068999 sending message 112 to peer 0x128008000 (13 bytes)
1754657791.069003 sending message 112 to peer 0x128008000 (13 bytes)
1754657791.069008 sending message 112 to peer 0x128008000 (13 bytes)
1754657791.069014 sending message 112 to peer 0x128008000 (10 bytes)
1754657791.069017 sending message 112 to peer 0x128008000 (9 bytes)
1754657791.069021 sending message 112 to peer 0x128008000 (12 bytes)
1754657791.069025 sending message 112 to peer 0x128008000 (13 bytes)
1754657791.069028 sending message 112 to peer 0x128008000 (13 bytes)
1754657791.069032 sending message 112 to peer 0x128008000 (13 bytes)
1754657791.069036 sending message 112 to peer 0x128008000 (13 bytes)
1754657791.069039 sending message 112 to peer 0x128008000 (13 bytes)
1754657791.069043 sending message 112 to peer 0x128008000 (9 bytes)
1754657791.069047 sending message 112 to peer 0x128008000 (12 bytes)
1754657791.069050 sending message 112 to peer 0x128008000 (13 bytes)
1754657791.069060 sending message 112 to peer 0x128008000 (13 bytes)
1754657791.069063 sending message 112 to peer 0x128008000 (13 bytes)
1754657791.069067 sending message 112 to peer 0x128008000 (13 bytes)
1754657791.069071 sending message 112 to peer 0x128008000 (13 bytes)
1754657791.069074 sending message 112 to peer 0x128008000 (11 bytes)
1754657791.069079 sending message 112 to peer 0x128008000 (12 bytes)
1754657791.069083 sending message 112 to peer 0x128008000 (13 bytes)
1754657791.069088 sending message 112 to peer 0x128008000 (13 bytes)
1754657791.069094 sending message 112 to peer 0x128008000 (13 bytes)
1754657791.069098 sending message 112 to peer 0x128008000 (13 bytes)
1754657791.069102 sending message 112 to peer 0x128008000 (13 bytes)
1754657791.069106 sending message 112 to peer 0x128008000 (11 bytes)
1754657791.069110 sending message 112 to peer 0x128008000 (12 bytes)
1754657791.069113 sending message 112 to peer 0x128008000 (12 bytes)
1754657791.069117 sending message 112 to peer 0x128008000 (12 bytes)
1754657791.069121 sending message 112 to peer 0x128008000 (12 bytes)
1754657791.069124 sending message 112 to peer 0x128008000 (12 bytes)
1754657791.069128 sending message 112 to peer 0x128008000 (21 bytes)
1754657791.069132 sending message 112 to peer 0x128008000 (12 bytes)
1754657791.069136 sending message 112 to peer 0x128008000 (9 bytes)
1754657791.069140 sending message 112 to peer 0x128008000 (6 bytes)
1754657791.069143 sending message 112 to peer 0x128008000 (13 bytes)
1754657791.069147 sending message 112 to peer 0x128008000 (10 bytes)
1754657791.069151 sending message 112 to peer 0x128008000 (15 bytes)
1754657791.069154 sending message 112 to peer 0x128008000 (13 bytes)
1754657791.069158 sending message 112 to peer 0x128008000 (9 bytes)
1754657791.069162 sending message 112 to peer 0x128008000 (70 bytes)
1754657791.069165 sending message 112 to peer 0x128008000 (69 bytes)
1754657791.069169 sending message 112 to peer 0x128008000 (34 bytes)
1754657791.069173 sending message 112 to peer 0x128008000 (34 bytes)
1754657791.069177 sending message 112 to peer 0x128008000 (70 bytes)
1754657791.069180 sending message 112 to peer 0x128008000 (12 bytes)
1754657791.069184 sending message 112 to peer 0x128008000 (10 bytes)
1754657791.069188 sending message 112 to peer 0x128008000 (10 bytes)
1754657791.069191 sending message 112 to peer 0x128008000 (15 bytes)
1754657791.069195 sending message 112 to peer 0x128008000 (13 bytes)
1754657791.069199 sending message 112 to peer 0x128008000 (10 bytes)
1754657791.069203 sending message 112 to peer 0x128008000 (10 bytes)
1754657791.069206 sending message 112 to peer 0x128008000 (17 bytes)
1754657791.069210 sending message 112 to peer 0x128008000 (10 bytes)
1754657791.069214 sending message 112 to peer 0x128008000 (13 bytes)
1754657791.069218 sending message 112 to peer 0x128008000 (32 bytes)
1754657791.069222 sending message 112 to peer 0x128008000 (5 bytes)
1754657791.069226 sending message 112 to peer 0x128008000 (9 bytes)
1754657791.069230 sending message 112 to peer 0x128008000 (15 bytes)
1754657791.069234 sending message 112 to peer 0x128008000 (5 bytes)
1754657791.069239 sending message 104 to peer 0x128008000 (0 bytes)
1754657791.069243 sending message 110 to peer 0x128008000 (0 bytes)
1754657791.069247 sending message 107 to peer 0x128008000 (4 bytes)
1754657791.069251 sending message 105 to peer 0x128008000 (17 bytes)
1754657791.069255 sending message 105 to peer 0x128008000 (20 bytes)
1754657791.069259 sending message 105 to peer 0x128008000 (22 bytes)
1754657791.069263 sending message 105 to peer 0x128008000 (250 bytes)
1754657791.069267 sending message 105 to peer 0x128008000 (12 bytes)
1754657791.069271 sending message 105 to peer 0x128008000 (57 bytes)
1754657791.069275 sending message 105 to peer 0x128008000 (75 bytes)
1754657791.069279 sending message 105 to peer 0x128008000 (37 bytes)
1754657791.069283 sending message 105 to peer 0x128008000 (23 bytes)
1754657791.069287 sending message 105 to peer 0x128008000 (37 bytes)
1754657791.069298 sending message 105 to peer 0x128008000 (30 bytes)
1754657791.069302 sending message 105 to peer 0x128008000 (34 bytes)
1754657791.069306 sending message 105 to peer 0x128008000 (60 bytes)
1754657791.069310 sending message 105 to peer 0x128008000 (17 bytes)
1754657791.069314 sending message 105 to peer 0x128008000 (221 bytes)
1754657791.069318 sending message 105 to peer 0x128008000 (8 bytes)
1754657791.069322 sending message 105 to peer 0x128008000 (19 bytes)
1754657791.069326 sending message 105 to peer 0x128008000 (32 bytes)
1754657791.069330 sending message 105 to peer 0x128008000 (96 bytes)
1754657791.069334 sending message 105 to peer 0x128008000 (218 bytes)
1754657791.069338 sending message 105 to peer 0x128008000 (58 bytes)
1754657791.069341 sending message 105 to peer 0x128008000 (16 bytes)
1754657791.069345 sending message 105 to peer 0x128008000 (31 bytes)
1754657791.069349 sending message 105 to peer 0x128008000 (67 bytes)
1754657791.069353 sending message 105 to peer 0x128008000 (34 bytes)
1754657791.069356 sending message 105 to peer 0x128008000 (11 bytes)
1754657791.069360 sending message 105 to peer 0x128008000 (894 bytes)
1754657791.069367 sending message 105 to peer 0x128008000 (169 bytes)
1754657791.069371 sending message 105 to peer 0x128008000 (31 bytes)
1754657791.069375 sending message 105 to peer 0x128008000 (36 bytes)
1754657791.069379 sending message 105 to peer 0x128008000 (16 bytes)
1754657791.069383 sending message 105 to peer 0x128008000 (15 bytes)
1754657791.069387 sending message 105 to peer 0x128008000 (8 bytes)
1754657791.069391 sending message 105 to peer 0x128008000 (66 bytes)
1754657791.069394 sending message 105 to peer 0x128008000 (10 bytes)
1754657791.069398 sending message 105 to peer 0x128008000 (19 bytes)
1754657791.069402 sending message 105 to peer 0x128008000 (63 bytes)
1754657791.069406 sending message 105 to peer 0x128008000 (18 bytes)
1754657791.069410 sending message 105 to peer 0x128008000 (26 bytes)
1754657791.069413 sending message 105 to peer 0x128008000 (57 bytes)
1754657791.069417 sending message 105 to peer 0x128008000 (43 bytes)
1754657791.069421 sending message 105 to peer 0x128008000 (13 bytes)
1754657791.069425 sending message 105 to peer 0x128008000 (58 bytes)
1754657791.069428 sending message 105 to peer 0x128008000 (16 bytes)
1754657791.069432 sending message 105 to peer 0x128008000 (12 bytes)
1754657791.069436 sending message 105 to peer 0x128008000 (98 bytes)
1754657791.069440 sending message 105 to peer 0x128008000 (14 bytes)
1754657791.069443 sending message 105 to peer 0x128008000 (19 bytes)
1754657791.069447 sending message 105 to peer 0x128008000 (33 bytes)
1754657791.069451 sending message 105 to peer 0x128008000 (43 bytes)
1754657791.069454 sending message 105 to peer 0x128008000 (33 bytes)
1754657791.069458 sending message 105 to peer 0x128008000 (25 bytes)
1754657791.069462 sending message 106 to peer 0x128008000 (0 bytes)
1754657791.069519 sending message 200 to peer 0x128008000 (4 bytes)
1754657791.069524 client loop enter
1754657791.069786 peer 0x128008000 message 303
1754657791.069802 open write file 2 -
1754657791.069821 sending message 305 to peer 0x128008000 (8 bytes)
1754657791.069835 write check file 2
1754657791.069874 peer 0x128008000 message 304
1754657791.069881 write 58 to file 2
1754657791.069887 peer 0x128008000 message 203
1754657791.069892 file 2 58 bytes left
1754657791.069903 write check file 2
1754657791.069907 client loop exit
